[2025-09-03T17:58:43.806+0000] {local_task_job_runner.py:120} INFO - ::group::Pre task execution logs
[2025-09-03T17:58:43.824+0000] {taskinstance.py:2076} INFO - Dependencies all met for dep_context=non-requeueable deps ti=<TaskInstance: cs_ingestion_monthly.fetch_for_interval manual__2025-09-03T17:58:42.345828+00:00 [queued]>
[2025-09-03T17:58:43.829+0000] {taskinstance.py:2076} INFO - Dependencies all met for dep_context=requeueable deps ti=<TaskInstance: cs_ingestion_monthly.fetch_for_interval manual__2025-09-03T17:58:42.345828+00:00 [queued]>
[2025-09-03T17:58:43.830+0000] {taskinstance.py:2306} INFO - Starting attempt 1 of 2
[2025-09-03T17:58:43.841+0000] {taskinstance.py:2330} INFO - Executing <Task(_PythonDecoratedOperator): fetch_for_interval> on 2025-09-03 17:58:42.345828+00:00
[2025-09-03T17:58:43.848+0000] {logging_mixin.py:188} WARNING - /home/***/.local/lib/python3.12/site-packages/***/task/task_runner/standard_task_runner.py:61 DeprecationWarning: This process (pid=1160) is multi-threaded, use of fork() may lead to deadlocks in the child.
[2025-09-03T17:58:43.847+0000] {standard_task_runner.py:90} INFO - Running: ['***', 'tasks', 'run', 'cs_ingestion_monthly', 'fetch_for_interval', 'manual__2025-09-03T17:58:42.345828+00:00', '--job-id', '29', '--raw', '--subdir', 'DAGS_FOLDER/dag_cs.py', '--cfg-path', '/tmp/tmpy2_kmyl0']
[2025-09-03T17:58:43.849+0000] {standard_task_runner.py:91} INFO - Job 29: Subtask fetch_for_interval
[2025-09-03T17:58:43.849+0000] {standard_task_runner.py:63} INFO - Started process 1162 to run task
[2025-09-03T17:58:43.883+0000] {task_command.py:426} INFO - Running <TaskInstance: cs_ingestion_monthly.fetch_for_interval manual__2025-09-03T17:58:42.345828+00:00 [running]> on host cd1378bab084
[2025-09-03T17:58:43.919+0000] {taskinstance.py:2648} INFO - Exporting env vars: AIRFLOW_CTX_DAG_OWNER='***' AIRFLOW_CTX_DAG_ID='cs_ingestion_monthly' AIRFLOW_CTX_TASK_ID='fetch_for_interval' AIRFLOW_CTX_EXECUTION_DATE='2025-09-03T17:58:42.345828+00:00' AIRFLOW_CTX_TRY_NUMBER='1' AIRFLOW_CTX_DAG_RUN_ID='manual__2025-09-03T17:58:42.345828+00:00'
[2025-09-03T17:58:43.919+0000] {taskinstance.py:430} INFO - ::endgroup::
[2025-09-03T17:58:43.919+0000] {dag_cs.py:47} INFO - Starting ingestion task
[2025-09-03T17:58:43.919+0000] {dag_cs.py:72} INFO - Processing window: 2025-08-01 00:00:00 -> 2025-09-01 00:00:00
[2025-09-03T17:58:43.920+0000] {dag_cs.py:79} WARNING - Package function import failed (No module named 'ingestion'); trying package module
[2025-09-03T17:58:43.920+0000] {dag_cs.py:86} WARNING - Package module import failed (No module named 'ingestion'); trying top-level module
[2025-09-03T17:58:44.178+0000] {dag_cs.py:91} INFO - Imported top-level ingestion_cs module
[2025-09-03T17:58:44.178+0000] {ingestion_cs.py:45} INFO - Formatting datetime 2025-08-01 00:00:00 to arXiv format.
[2025-09-03T17:58:44.179+0000] {ingestion_cs.py:45} INFO - Formatting datetime 2025-08-31 23:59:00 to arXiv format.
[2025-09-03T17:58:44.938+0000] {ingestion_cs.py:156} INFO - [2025-08] got 200 (start=0)
[2025-09-03T17:58:48.624+0000] {ingestion_cs.py:156} INFO - [2025-08] got 200 (start=200)
[2025-09-03T17:58:52.236+0000] {ingestion_cs.py:156} INFO - [2025-08] got 200 (start=400)
[2025-09-03T17:58:55.905+0000] {ingestion_cs.py:156} INFO - [2025-08] got 200 (start=600)
[2025-09-03T17:58:59.537+0000] {ingestion_cs.py:156} INFO - [2025-08] got 200 (start=800)
[2025-09-03T17:59:03.176+0000] {ingestion_cs.py:156} INFO - [2025-08] got 200 (start=1000)
[2025-09-03T17:59:06.702+0000] {ingestion_cs.py:156} INFO - [2025-08] got 200 (start=1200)
[2025-09-03T17:59:10.318+0000] {ingestion_cs.py:156} INFO - [2025-08] got 200 (start=1400)
[2025-09-03T17:59:13.912+0000] {ingestion_cs.py:156} INFO - [2025-08] got 200 (start=1600)
[2025-09-03T17:59:17.259+0000] {ingestion_cs.py:120} INFO - [2025-08] Empty page at start=1800; retry 1 after short backoff.
[2025-09-03T17:59:20.689+0000] {ingestion_cs.py:120} INFO - [2025-08] Empty page at start=1800; retry 2 after short backoff.
[2025-09-03T17:59:24.920+0000] {ingestion_cs.py:123} INFO - [2025-08] No more entries at start=1800.
[2025-09-03T17:59:24.920+0000] {ingestion_cs.py:161} INFO - Result: 1800 entries fetched for window 2025-08-01 00:00:00 to 2025-08-31 23:59:00.
[2025-09-03T17:59:25.024+0000] {dag_cs.py:133} INFO - Saved CSV with 1800 rows to /opt/***/logs/data/arxiv_cs_20250801_20250901.csv
[2025-09-03T17:59:26.168+0000] {dag_cs.py:146} INFO - Saved Parquet to GCS: gs://research-paper857/research/cs_latest.parquet
[2025-09-03T17:59:26.170+0000] {python.py:237} INFO - Done. Returned value was: {'rows': 1800, 'csv': '/opt/***/logs/data/arxiv_cs_20250801_20250901.csv', 'gcs': 'gs://research-paper857/research/cs_latest.parquet'}
[2025-09-03T17:59:26.171+0000] {taskinstance.py:441} INFO - ::group::Post task execution logs
[2025-09-03T17:59:26.188+0000] {taskinstance.py:1206} INFO - Marking task as SUCCESS. dag_id=cs_ingestion_monthly, task_id=fetch_for_interval, run_id=manual__2025-09-03T17:58:42.345828+00:00, execution_date=20250903T175842, start_date=20250903T175843, end_date=20250903T175926
[2025-09-03T17:59:26.238+0000] {local_task_job_runner.py:240} INFO - Task exited with return code 0
[2025-09-03T17:59:26.246+0000] {taskinstance.py:3503} INFO - 0 downstream tasks scheduled from follow-on schedule check
[2025-09-03T17:59:26.248+0000] {local_task_job_runner.py:222} INFO - ::endgroup::
