[2025-09-03T14:47:04.447+0000] {processor.py:161} INFO - Started process (PID=168) to work on /opt/airflow/dags/example_dag.py
[2025-09-03T14:47:04.447+0000] {processor.py:830} INFO - Processing file /opt/airflow/dags/example_dag.py for tasks to queue
[2025-09-03T14:47:04.450+0000] {logging_mixin.py:188} INFO - [2025-09-03T14:47:04.450+0000] {dagbag.py:545} INFO - Filling up the DagBag from /opt/airflow/dags/example_dag.py
[2025-09-03T14:47:04.464+0000] {processor.py:840} INFO - DAG(s) 'example_dag' retrieved from /opt/airflow/dags/example_dag.py
[2025-09-03T14:47:04.564+0000] {logging_mixin.py:188} INFO - [2025-09-03T14:47:04.563+0000] {override.py:1829} INFO - Created Permission View: can read on DAG:example_dag
[2025-09-03T14:47:04.566+0000] {logging_mixin.py:188} INFO - [2025-09-03T14:47:04.566+0000] {override.py:1829} INFO - Created Permission View: can delete on DAG:example_dag
[2025-09-03T14:47:04.568+0000] {logging_mixin.py:188} INFO - [2025-09-03T14:47:04.568+0000] {override.py:1829} INFO - Created Permission View: can edit on DAG:example_dag
[2025-09-03T14:47:04.568+0000] {logging_mixin.py:188} INFO - [2025-09-03T14:47:04.568+0000] {dag.py:3096} INFO - Sync 1 DAGs
[2025-09-03T14:47:04.572+0000] {logging_mixin.py:188} INFO - [2025-09-03T14:47:04.571+0000] {dag.py:3118} INFO - Creating ORM DAG for example_dag
[2025-09-03T14:47:04.572+0000] {logging_mixin.py:188} INFO - [2025-09-03T14:47:04.572+0000] {dag.py:3954} INFO - Setting next_dagrun for example_dag to None, run_after=None
[2025-09-03T14:47:04.577+0000] {processor.py:183} INFO - Processing /opt/airflow/dags/example_dag.py took 0.134 seconds
[2025-09-03T14:47:34.663+0000] {processor.py:161} INFO - Started process (PID=173) to work on /opt/airflow/dags/example_dag.py
[2025-09-03T14:47:34.664+0000] {processor.py:830} INFO - Processing file /opt/airflow/dags/example_dag.py for tasks to queue
[2025-09-03T14:47:34.665+0000] {logging_mixin.py:188} INFO - [2025-09-03T14:47:34.665+0000] {dagbag.py:545} INFO - Filling up the DagBag from /opt/airflow/dags/example_dag.py
[2025-09-03T14:47:34.674+0000] {processor.py:840} INFO - DAG(s) 'example_dag' retrieved from /opt/airflow/dags/example_dag.py
[2025-09-03T14:47:34.692+0000] {logging_mixin.py:188} INFO - [2025-09-03T14:47:34.692+0000] {dag.py:3096} INFO - Sync 1 DAGs
[2025-09-03T14:47:34.697+0000] {logging_mixin.py:188} INFO - [2025-09-03T14:47:34.697+0000] {dag.py:3954} INFO - Setting next_dagrun for example_dag to None, run_after=None
[2025-09-03T14:47:34.703+0000] {processor.py:183} INFO - Processing /opt/airflow/dags/example_dag.py took 0.045 seconds
[2025-09-03T14:48:04.898+0000] {processor.py:161} INFO - Started process (PID=178) to work on /opt/airflow/dags/example_dag.py
[2025-09-03T14:48:04.898+0000] {processor.py:830} INFO - Processing file /opt/airflow/dags/example_dag.py for tasks to queue
[2025-09-03T14:48:04.899+0000] {logging_mixin.py:188} INFO - [2025-09-03T14:48:04.899+0000] {dagbag.py:545} INFO - Filling up the DagBag from /opt/airflow/dags/example_dag.py
[2025-09-03T14:48:04.906+0000] {processor.py:840} INFO - DAG(s) 'example_dag' retrieved from /opt/airflow/dags/example_dag.py
[2025-09-03T14:48:04.921+0000] {logging_mixin.py:188} INFO - [2025-09-03T14:48:04.921+0000] {dag.py:3096} INFO - Sync 1 DAGs
[2025-09-03T14:48:04.926+0000] {logging_mixin.py:188} INFO - [2025-09-03T14:48:04.926+0000] {dag.py:3954} INFO - Setting next_dagrun for example_dag to None, run_after=None
[2025-09-03T14:48:04.933+0000] {processor.py:183} INFO - Processing /opt/airflow/dags/example_dag.py took 0.040 seconds
[2025-09-03T14:48:35.098+0000] {processor.py:161} INFO - Started process (PID=183) to work on /opt/airflow/dags/example_dag.py
[2025-09-03T14:48:35.098+0000] {processor.py:830} INFO - Processing file /opt/airflow/dags/example_dag.py for tasks to queue
[2025-09-03T14:48:35.099+0000] {logging_mixin.py:188} INFO - [2025-09-03T14:48:35.099+0000] {dagbag.py:545} INFO - Filling up the DagBag from /opt/airflow/dags/example_dag.py
[2025-09-03T14:48:35.104+0000] {processor.py:840} INFO - DAG(s) 'example_dag' retrieved from /opt/airflow/dags/example_dag.py
[2025-09-03T14:48:35.117+0000] {logging_mixin.py:188} INFO - [2025-09-03T14:48:35.117+0000] {dag.py:3096} INFO - Sync 1 DAGs
[2025-09-03T14:48:35.123+0000] {logging_mixin.py:188} INFO - [2025-09-03T14:48:35.123+0000] {dag.py:3954} INFO - Setting next_dagrun for example_dag to None, run_after=None
[2025-09-03T14:48:35.129+0000] {processor.py:183} INFO - Processing /opt/airflow/dags/example_dag.py took 0.036 seconds
[2025-09-03T14:49:05.348+0000] {processor.py:161} INFO - Started process (PID=188) to work on /opt/airflow/dags/example_dag.py
[2025-09-03T14:49:05.349+0000] {processor.py:830} INFO - Processing file /opt/airflow/dags/example_dag.py for tasks to queue
[2025-09-03T14:49:05.350+0000] {logging_mixin.py:188} INFO - [2025-09-03T14:49:05.350+0000] {dagbag.py:545} INFO - Filling up the DagBag from /opt/airflow/dags/example_dag.py
[2025-09-03T14:49:05.355+0000] {processor.py:840} INFO - DAG(s) 'example_dag' retrieved from /opt/airflow/dags/example_dag.py
[2025-09-03T14:49:05.371+0000] {logging_mixin.py:188} INFO - [2025-09-03T14:49:05.370+0000] {dag.py:3096} INFO - Sync 1 DAGs
[2025-09-03T14:49:05.376+0000] {logging_mixin.py:188} INFO - [2025-09-03T14:49:05.375+0000] {dag.py:3954} INFO - Setting next_dagrun for example_dag to None, run_after=None
[2025-09-03T14:49:05.382+0000] {processor.py:183} INFO - Processing /opt/airflow/dags/example_dag.py took 0.037 seconds
[2025-09-03T14:49:35.624+0000] {processor.py:161} INFO - Started process (PID=193) to work on /opt/airflow/dags/example_dag.py
[2025-09-03T14:49:35.624+0000] {processor.py:830} INFO - Processing file /opt/airflow/dags/example_dag.py for tasks to queue
[2025-09-03T14:49:35.625+0000] {logging_mixin.py:188} INFO - [2025-09-03T14:49:35.625+0000] {dagbag.py:545} INFO - Filling up the DagBag from /opt/airflow/dags/example_dag.py
[2025-09-03T14:49:35.630+0000] {processor.py:840} INFO - DAG(s) 'example_dag' retrieved from /opt/airflow/dags/example_dag.py
[2025-09-03T14:49:35.644+0000] {logging_mixin.py:188} INFO - [2025-09-03T14:49:35.644+0000] {dag.py:3096} INFO - Sync 1 DAGs
[2025-09-03T14:49:35.649+0000] {logging_mixin.py:188} INFO - [2025-09-03T14:49:35.649+0000] {dag.py:3954} INFO - Setting next_dagrun for example_dag to None, run_after=None
[2025-09-03T14:49:35.655+0000] {processor.py:183} INFO - Processing /opt/airflow/dags/example_dag.py took 0.035 seconds
[2025-09-03T14:50:05.892+0000] {processor.py:161} INFO - Started process (PID=198) to work on /opt/airflow/dags/example_dag.py
[2025-09-03T14:50:05.893+0000] {processor.py:830} INFO - Processing file /opt/airflow/dags/example_dag.py for tasks to queue
[2025-09-03T14:50:05.894+0000] {logging_mixin.py:188} INFO - [2025-09-03T14:50:05.894+0000] {dagbag.py:545} INFO - Filling up the DagBag from /opt/airflow/dags/example_dag.py
[2025-09-03T14:50:05.900+0000] {processor.py:840} INFO - DAG(s) 'example_dag' retrieved from /opt/airflow/dags/example_dag.py
[2025-09-03T14:50:05.914+0000] {logging_mixin.py:188} INFO - [2025-09-03T14:50:05.914+0000] {dag.py:3096} INFO - Sync 1 DAGs
[2025-09-03T14:50:05.919+0000] {logging_mixin.py:188} INFO - [2025-09-03T14:50:05.919+0000] {dag.py:3954} INFO - Setting next_dagrun for example_dag to None, run_after=None
[2025-09-03T14:50:05.926+0000] {processor.py:183} INFO - Processing /opt/airflow/dags/example_dag.py took 0.038 seconds
[2025-09-03T14:50:36.145+0000] {processor.py:161} INFO - Started process (PID=203) to work on /opt/airflow/dags/example_dag.py
[2025-09-03T14:50:36.145+0000] {processor.py:830} INFO - Processing file /opt/airflow/dags/example_dag.py for tasks to queue
[2025-09-03T14:50:36.146+0000] {logging_mixin.py:188} INFO - [2025-09-03T14:50:36.146+0000] {dagbag.py:545} INFO - Filling up the DagBag from /opt/airflow/dags/example_dag.py
[2025-09-03T14:50:36.153+0000] {processor.py:840} INFO - DAG(s) 'example_dag' retrieved from /opt/airflow/dags/example_dag.py
[2025-09-03T14:50:36.169+0000] {logging_mixin.py:188} INFO - [2025-09-03T14:50:36.169+0000] {dag.py:3096} INFO - Sync 1 DAGs
[2025-09-03T14:50:36.175+0000] {logging_mixin.py:188} INFO - [2025-09-03T14:50:36.175+0000] {dag.py:3954} INFO - Setting next_dagrun for example_dag to None, run_after=None
[2025-09-03T14:50:36.183+0000] {processor.py:183} INFO - Processing /opt/airflow/dags/example_dag.py took 0.043 seconds
[2025-09-03T14:51:06.395+0000] {processor.py:161} INFO - Started process (PID=208) to work on /opt/airflow/dags/example_dag.py
[2025-09-03T14:51:06.395+0000] {processor.py:830} INFO - Processing file /opt/airflow/dags/example_dag.py for tasks to queue
[2025-09-03T14:51:06.396+0000] {logging_mixin.py:188} INFO - [2025-09-03T14:51:06.396+0000] {dagbag.py:545} INFO - Filling up the DagBag from /opt/airflow/dags/example_dag.py
[2025-09-03T14:51:06.403+0000] {processor.py:840} INFO - DAG(s) 'example_dag' retrieved from /opt/airflow/dags/example_dag.py
[2025-09-03T14:51:06.417+0000] {logging_mixin.py:188} INFO - [2025-09-03T14:51:06.417+0000] {dag.py:3096} INFO - Sync 1 DAGs
[2025-09-03T14:51:06.421+0000] {logging_mixin.py:188} INFO - [2025-09-03T14:51:06.421+0000] {dag.py:3954} INFO - Setting next_dagrun for example_dag to None, run_after=None
[2025-09-03T14:51:06.428+0000] {processor.py:183} INFO - Processing /opt/airflow/dags/example_dag.py took 0.038 seconds
[2025-09-03T14:51:36.659+0000] {processor.py:161} INFO - Started process (PID=213) to work on /opt/airflow/dags/example_dag.py
[2025-09-03T14:51:36.660+0000] {processor.py:830} INFO - Processing file /opt/airflow/dags/example_dag.py for tasks to queue
[2025-09-03T14:51:36.662+0000] {logging_mixin.py:188} INFO - [2025-09-03T14:51:36.662+0000] {dagbag.py:545} INFO - Filling up the DagBag from /opt/airflow/dags/example_dag.py
[2025-09-03T14:51:36.670+0000] {processor.py:840} INFO - DAG(s) 'example_dag' retrieved from /opt/airflow/dags/example_dag.py
[2025-09-03T14:51:36.688+0000] {logging_mixin.py:188} INFO - [2025-09-03T14:51:36.688+0000] {dag.py:3096} INFO - Sync 1 DAGs
[2025-09-03T14:51:36.694+0000] {logging_mixin.py:188} INFO - [2025-09-03T14:51:36.694+0000] {dag.py:3954} INFO - Setting next_dagrun for example_dag to None, run_after=None
[2025-09-03T14:51:36.701+0000] {processor.py:183} INFO - Processing /opt/airflow/dags/example_dag.py took 0.047 seconds
[2025-09-03T14:52:06.977+0000] {processor.py:161} INFO - Started process (PID=218) to work on /opt/airflow/dags/example_dag.py
[2025-09-03T14:52:06.977+0000] {processor.py:830} INFO - Processing file /opt/airflow/dags/example_dag.py for tasks to queue
[2025-09-03T14:52:06.978+0000] {logging_mixin.py:188} INFO - [2025-09-03T14:52:06.978+0000] {dagbag.py:545} INFO - Filling up the DagBag from /opt/airflow/dags/example_dag.py
[2025-09-03T14:52:06.985+0000] {processor.py:840} INFO - DAG(s) 'example_dag' retrieved from /opt/airflow/dags/example_dag.py
[2025-09-03T14:52:07.000+0000] {logging_mixin.py:188} INFO - [2025-09-03T14:52:06.999+0000] {dag.py:3096} INFO - Sync 1 DAGs
[2025-09-03T14:52:07.004+0000] {logging_mixin.py:188} INFO - [2025-09-03T14:52:07.004+0000] {dag.py:3954} INFO - Setting next_dagrun for example_dag to None, run_after=None
[2025-09-03T14:52:07.011+0000] {processor.py:183} INFO - Processing /opt/airflow/dags/example_dag.py took 0.040 seconds
[2025-09-03T14:52:37.257+0000] {processor.py:161} INFO - Started process (PID=223) to work on /opt/airflow/dags/example_dag.py
[2025-09-03T14:52:37.258+0000] {processor.py:830} INFO - Processing file /opt/airflow/dags/example_dag.py for tasks to queue
[2025-09-03T14:52:37.259+0000] {logging_mixin.py:188} INFO - [2025-09-03T14:52:37.259+0000] {dagbag.py:545} INFO - Filling up the DagBag from /opt/airflow/dags/example_dag.py
[2025-09-03T14:52:37.266+0000] {processor.py:840} INFO - DAG(s) 'example_dag' retrieved from /opt/airflow/dags/example_dag.py
[2025-09-03T14:52:37.282+0000] {logging_mixin.py:188} INFO - [2025-09-03T14:52:37.282+0000] {dag.py:3096} INFO - Sync 1 DAGs
[2025-09-03T14:52:37.288+0000] {logging_mixin.py:188} INFO - [2025-09-03T14:52:37.288+0000] {dag.py:3954} INFO - Setting next_dagrun for example_dag to None, run_after=None
[2025-09-03T14:52:37.295+0000] {processor.py:183} INFO - Processing /opt/airflow/dags/example_dag.py took 0.043 seconds
[2025-09-03T14:53:07.517+0000] {processor.py:161} INFO - Started process (PID=228) to work on /opt/airflow/dags/example_dag.py
[2025-09-03T14:53:07.518+0000] {processor.py:830} INFO - Processing file /opt/airflow/dags/example_dag.py for tasks to queue
[2025-09-03T14:53:07.519+0000] {logging_mixin.py:188} INFO - [2025-09-03T14:53:07.518+0000] {dagbag.py:545} INFO - Filling up the DagBag from /opt/airflow/dags/example_dag.py
[2025-09-03T14:53:07.525+0000] {processor.py:840} INFO - DAG(s) 'example_dag' retrieved from /opt/airflow/dags/example_dag.py
[2025-09-03T14:53:07.542+0000] {logging_mixin.py:188} INFO - [2025-09-03T14:53:07.542+0000] {dag.py:3096} INFO - Sync 1 DAGs
[2025-09-03T14:53:07.549+0000] {logging_mixin.py:188} INFO - [2025-09-03T14:53:07.549+0000] {dag.py:3954} INFO - Setting next_dagrun for example_dag to None, run_after=None
[2025-09-03T14:53:07.557+0000] {processor.py:183} INFO - Processing /opt/airflow/dags/example_dag.py took 0.043 seconds
[2025-09-03T14:53:37.827+0000] {processor.py:161} INFO - Started process (PID=233) to work on /opt/airflow/dags/example_dag.py
[2025-09-03T14:53:37.827+0000] {processor.py:830} INFO - Processing file /opt/airflow/dags/example_dag.py for tasks to queue
[2025-09-03T14:53:37.828+0000] {logging_mixin.py:188} INFO - [2025-09-03T14:53:37.828+0000] {dagbag.py:545} INFO - Filling up the DagBag from /opt/airflow/dags/example_dag.py
[2025-09-03T14:53:37.835+0000] {processor.py:840} INFO - DAG(s) 'example_dag' retrieved from /opt/airflow/dags/example_dag.py
[2025-09-03T14:53:37.852+0000] {logging_mixin.py:188} INFO - [2025-09-03T14:53:37.852+0000] {dag.py:3096} INFO - Sync 1 DAGs
[2025-09-03T14:53:37.857+0000] {logging_mixin.py:188} INFO - [2025-09-03T14:53:37.857+0000] {dag.py:3954} INFO - Setting next_dagrun for example_dag to None, run_after=None
[2025-09-03T14:53:37.864+0000] {processor.py:183} INFO - Processing /opt/airflow/dags/example_dag.py took 0.043 seconds
[2025-09-03T14:54:08.094+0000] {processor.py:161} INFO - Started process (PID=238) to work on /opt/airflow/dags/example_dag.py
[2025-09-03T14:54:08.095+0000] {processor.py:830} INFO - Processing file /opt/airflow/dags/example_dag.py for tasks to queue
[2025-09-03T14:54:08.096+0000] {logging_mixin.py:188} INFO - [2025-09-03T14:54:08.095+0000] {dagbag.py:545} INFO - Filling up the DagBag from /opt/airflow/dags/example_dag.py
[2025-09-03T14:54:08.101+0000] {processor.py:840} INFO - DAG(s) 'example_dag' retrieved from /opt/airflow/dags/example_dag.py
[2025-09-03T14:54:08.115+0000] {logging_mixin.py:188} INFO - [2025-09-03T14:54:08.115+0000] {dag.py:3096} INFO - Sync 1 DAGs
[2025-09-03T14:54:08.121+0000] {logging_mixin.py:188} INFO - [2025-09-03T14:54:08.121+0000] {dag.py:3954} INFO - Setting next_dagrun for example_dag to None, run_after=None
[2025-09-03T14:54:08.129+0000] {processor.py:183} INFO - Processing /opt/airflow/dags/example_dag.py took 0.038 seconds
[2025-09-03T14:54:38.384+0000] {processor.py:161} INFO - Started process (PID=243) to work on /opt/airflow/dags/example_dag.py
[2025-09-03T14:54:38.384+0000] {processor.py:830} INFO - Processing file /opt/airflow/dags/example_dag.py for tasks to queue
[2025-09-03T14:54:38.386+0000] {logging_mixin.py:188} INFO - [2025-09-03T14:54:38.386+0000] {dagbag.py:545} INFO - Filling up the DagBag from /opt/airflow/dags/example_dag.py
[2025-09-03T14:54:38.391+0000] {processor.py:840} INFO - DAG(s) 'example_dag' retrieved from /opt/airflow/dags/example_dag.py
[2025-09-03T14:54:38.403+0000] {logging_mixin.py:188} INFO - [2025-09-03T14:54:38.403+0000] {dag.py:3096} INFO - Sync 1 DAGs
[2025-09-03T14:54:38.408+0000] {logging_mixin.py:188} INFO - [2025-09-03T14:54:38.408+0000] {dag.py:3954} INFO - Setting next_dagrun for example_dag to None, run_after=None
[2025-09-03T14:54:38.414+0000] {processor.py:183} INFO - Processing /opt/airflow/dags/example_dag.py took 0.034 seconds
[2025-09-03T14:55:08.697+0000] {processor.py:161} INFO - Started process (PID=248) to work on /opt/airflow/dags/example_dag.py
[2025-09-03T14:55:08.698+0000] {processor.py:830} INFO - Processing file /opt/airflow/dags/example_dag.py for tasks to queue
[2025-09-03T14:55:08.699+0000] {logging_mixin.py:188} INFO - [2025-09-03T14:55:08.699+0000] {dagbag.py:545} INFO - Filling up the DagBag from /opt/airflow/dags/example_dag.py
[2025-09-03T14:55:08.707+0000] {processor.py:840} INFO - DAG(s) 'example_dag' retrieved from /opt/airflow/dags/example_dag.py
[2025-09-03T14:55:08.724+0000] {logging_mixin.py:188} INFO - [2025-09-03T14:55:08.724+0000] {dag.py:3096} INFO - Sync 1 DAGs
[2025-09-03T14:55:08.729+0000] {logging_mixin.py:188} INFO - [2025-09-03T14:55:08.729+0000] {dag.py:3954} INFO - Setting next_dagrun for example_dag to None, run_after=None
[2025-09-03T14:55:08.736+0000] {processor.py:183} INFO - Processing /opt/airflow/dags/example_dag.py took 0.044 seconds
[2025-09-03T14:55:38.982+0000] {processor.py:161} INFO - Started process (PID=253) to work on /opt/airflow/dags/example_dag.py
[2025-09-03T14:55:38.983+0000] {processor.py:830} INFO - Processing file /opt/airflow/dags/example_dag.py for tasks to queue
[2025-09-03T14:55:38.984+0000] {logging_mixin.py:188} INFO - [2025-09-03T14:55:38.984+0000] {dagbag.py:545} INFO - Filling up the DagBag from /opt/airflow/dags/example_dag.py
[2025-09-03T14:55:38.991+0000] {processor.py:840} INFO - DAG(s) 'example_dag' retrieved from /opt/airflow/dags/example_dag.py
[2025-09-03T14:55:39.009+0000] {logging_mixin.py:188} INFO - [2025-09-03T14:55:39.009+0000] {dag.py:3096} INFO - Sync 1 DAGs
[2025-09-03T14:55:39.014+0000] {logging_mixin.py:188} INFO - [2025-09-03T14:55:39.014+0000] {dag.py:3954} INFO - Setting next_dagrun for example_dag to None, run_after=None
[2025-09-03T14:55:39.021+0000] {processor.py:183} INFO - Processing /opt/airflow/dags/example_dag.py took 0.044 seconds
[2025-09-03T14:56:09.292+0000] {processor.py:161} INFO - Started process (PID=258) to work on /opt/airflow/dags/example_dag.py
[2025-09-03T14:56:09.293+0000] {processor.py:830} INFO - Processing file /opt/airflow/dags/example_dag.py for tasks to queue
[2025-09-03T14:56:09.294+0000] {logging_mixin.py:188} INFO - [2025-09-03T14:56:09.294+0000] {dagbag.py:545} INFO - Filling up the DagBag from /opt/airflow/dags/example_dag.py
[2025-09-03T14:56:09.302+0000] {processor.py:840} INFO - DAG(s) 'example_dag' retrieved from /opt/airflow/dags/example_dag.py
[2025-09-03T14:56:09.319+0000] {logging_mixin.py:188} INFO - [2025-09-03T14:56:09.318+0000] {dag.py:3096} INFO - Sync 1 DAGs
[2025-09-03T14:56:09.324+0000] {logging_mixin.py:188} INFO - [2025-09-03T14:56:09.323+0000] {dag.py:3954} INFO - Setting next_dagrun for example_dag to None, run_after=None
[2025-09-03T14:56:09.335+0000] {processor.py:183} INFO - Processing /opt/airflow/dags/example_dag.py took 0.048 seconds
[2025-09-03T14:56:39.584+0000] {processor.py:161} INFO - Started process (PID=263) to work on /opt/airflow/dags/example_dag.py
[2025-09-03T14:56:39.585+0000] {processor.py:830} INFO - Processing file /opt/airflow/dags/example_dag.py for tasks to queue
[2025-09-03T14:56:39.586+0000] {logging_mixin.py:188} INFO - [2025-09-03T14:56:39.586+0000] {dagbag.py:545} INFO - Filling up the DagBag from /opt/airflow/dags/example_dag.py
[2025-09-03T14:56:39.594+0000] {processor.py:840} INFO - DAG(s) 'example_dag' retrieved from /opt/airflow/dags/example_dag.py
[2025-09-03T14:56:39.611+0000] {logging_mixin.py:188} INFO - [2025-09-03T14:56:39.610+0000] {dag.py:3096} INFO - Sync 1 DAGs
[2025-09-03T14:56:39.616+0000] {logging_mixin.py:188} INFO - [2025-09-03T14:56:39.616+0000] {dag.py:3954} INFO - Setting next_dagrun for example_dag to None, run_after=None
[2025-09-03T14:56:39.623+0000] {processor.py:183} INFO - Processing /opt/airflow/dags/example_dag.py took 0.043 seconds
[2025-09-03T14:57:09.915+0000] {processor.py:161} INFO - Started process (PID=268) to work on /opt/airflow/dags/example_dag.py
[2025-09-03T14:57:09.916+0000] {processor.py:830} INFO - Processing file /opt/airflow/dags/example_dag.py for tasks to queue
[2025-09-03T14:57:09.917+0000] {logging_mixin.py:188} INFO - [2025-09-03T14:57:09.916+0000] {dagbag.py:545} INFO - Filling up the DagBag from /opt/airflow/dags/example_dag.py
[2025-09-03T14:57:09.923+0000] {processor.py:840} INFO - DAG(s) 'example_dag' retrieved from /opt/airflow/dags/example_dag.py
[2025-09-03T14:57:09.940+0000] {logging_mixin.py:188} INFO - [2025-09-03T14:57:09.940+0000] {dag.py:3096} INFO - Sync 1 DAGs
[2025-09-03T14:57:09.946+0000] {logging_mixin.py:188} INFO - [2025-09-03T14:57:09.946+0000] {dag.py:3954} INFO - Setting next_dagrun for example_dag to None, run_after=None
[2025-09-03T14:57:09.953+0000] {processor.py:183} INFO - Processing /opt/airflow/dags/example_dag.py took 0.043 seconds
[2025-09-03T14:57:40.220+0000] {processor.py:161} INFO - Started process (PID=273) to work on /opt/airflow/dags/example_dag.py
[2025-09-03T14:57:40.220+0000] {processor.py:830} INFO - Processing file /opt/airflow/dags/example_dag.py for tasks to queue
[2025-09-03T14:57:40.221+0000] {logging_mixin.py:188} INFO - [2025-09-03T14:57:40.221+0000] {dagbag.py:545} INFO - Filling up the DagBag from /opt/airflow/dags/example_dag.py
[2025-09-03T14:57:40.229+0000] {processor.py:840} INFO - DAG(s) 'example_dag' retrieved from /opt/airflow/dags/example_dag.py
[2025-09-03T14:57:40.246+0000] {logging_mixin.py:188} INFO - [2025-09-03T14:57:40.246+0000] {dag.py:3096} INFO - Sync 1 DAGs
[2025-09-03T14:57:40.251+0000] {logging_mixin.py:188} INFO - [2025-09-03T14:57:40.251+0000] {dag.py:3954} INFO - Setting next_dagrun for example_dag to None, run_after=None
[2025-09-03T14:57:40.258+0000] {processor.py:183} INFO - Processing /opt/airflow/dags/example_dag.py took 0.044 seconds
[2025-09-03T14:58:10.539+0000] {processor.py:161} INFO - Started process (PID=278) to work on /opt/airflow/dags/example_dag.py
[2025-09-03T14:58:10.540+0000] {processor.py:830} INFO - Processing file /opt/airflow/dags/example_dag.py for tasks to queue
[2025-09-03T14:58:10.541+0000] {logging_mixin.py:188} INFO - [2025-09-03T14:58:10.541+0000] {dagbag.py:545} INFO - Filling up the DagBag from /opt/airflow/dags/example_dag.py
[2025-09-03T14:58:10.549+0000] {processor.py:840} INFO - DAG(s) 'example_dag' retrieved from /opt/airflow/dags/example_dag.py
[2025-09-03T14:58:10.565+0000] {logging_mixin.py:188} INFO - [2025-09-03T14:58:10.565+0000] {dag.py:3096} INFO - Sync 1 DAGs
[2025-09-03T14:58:10.570+0000] {logging_mixin.py:188} INFO - [2025-09-03T14:58:10.570+0000] {dag.py:3954} INFO - Setting next_dagrun for example_dag to None, run_after=None
[2025-09-03T14:58:10.577+0000] {processor.py:183} INFO - Processing /opt/airflow/dags/example_dag.py took 0.043 seconds
[2025-09-03T14:58:40.849+0000] {processor.py:161} INFO - Started process (PID=283) to work on /opt/airflow/dags/example_dag.py
[2025-09-03T14:58:40.850+0000] {processor.py:830} INFO - Processing file /opt/airflow/dags/example_dag.py for tasks to queue
[2025-09-03T14:58:40.851+0000] {logging_mixin.py:188} INFO - [2025-09-03T14:58:40.851+0000] {dagbag.py:545} INFO - Filling up the DagBag from /opt/airflow/dags/example_dag.py
[2025-09-03T14:58:40.858+0000] {processor.py:840} INFO - DAG(s) 'example_dag' retrieved from /opt/airflow/dags/example_dag.py
[2025-09-03T14:58:40.875+0000] {logging_mixin.py:188} INFO - [2025-09-03T14:58:40.875+0000] {dag.py:3096} INFO - Sync 1 DAGs
[2025-09-03T14:58:40.880+0000] {logging_mixin.py:188} INFO - [2025-09-03T14:58:40.880+0000] {dag.py:3954} INFO - Setting next_dagrun for example_dag to None, run_after=None
[2025-09-03T14:58:40.887+0000] {processor.py:183} INFO - Processing /opt/airflow/dags/example_dag.py took 0.043 seconds
[2025-09-03T14:59:11.125+0000] {processor.py:161} INFO - Started process (PID=288) to work on /opt/airflow/dags/example_dag.py
[2025-09-03T14:59:11.125+0000] {processor.py:830} INFO - Processing file /opt/airflow/dags/example_dag.py for tasks to queue
[2025-09-03T14:59:11.126+0000] {logging_mixin.py:188} INFO - [2025-09-03T14:59:11.126+0000] {dagbag.py:545} INFO - Filling up the DagBag from /opt/airflow/dags/example_dag.py
[2025-09-03T14:59:11.133+0000] {processor.py:840} INFO - DAG(s) 'example_dag' retrieved from /opt/airflow/dags/example_dag.py
[2025-09-03T14:59:11.149+0000] {logging_mixin.py:188} INFO - [2025-09-03T14:59:11.149+0000] {dag.py:3096} INFO - Sync 1 DAGs
[2025-09-03T14:59:11.154+0000] {logging_mixin.py:188} INFO - [2025-09-03T14:59:11.154+0000] {dag.py:3954} INFO - Setting next_dagrun for example_dag to None, run_after=None
[2025-09-03T14:59:11.161+0000] {processor.py:183} INFO - Processing /opt/airflow/dags/example_dag.py took 0.042 seconds
[2025-09-03T14:59:41.423+0000] {processor.py:161} INFO - Started process (PID=293) to work on /opt/airflow/dags/example_dag.py
[2025-09-03T14:59:41.423+0000] {processor.py:830} INFO - Processing file /opt/airflow/dags/example_dag.py for tasks to queue
[2025-09-03T14:59:41.425+0000] {logging_mixin.py:188} INFO - [2025-09-03T14:59:41.424+0000] {dagbag.py:545} INFO - Filling up the DagBag from /opt/airflow/dags/example_dag.py
[2025-09-03T14:59:41.431+0000] {processor.py:840} INFO - DAG(s) 'example_dag' retrieved from /opt/airflow/dags/example_dag.py
[2025-09-03T14:59:41.446+0000] {logging_mixin.py:188} INFO - [2025-09-03T14:59:41.446+0000] {dag.py:3096} INFO - Sync 1 DAGs
[2025-09-03T14:59:41.451+0000] {logging_mixin.py:188} INFO - [2025-09-03T14:59:41.451+0000] {dag.py:3954} INFO - Setting next_dagrun for example_dag to None, run_after=None
[2025-09-03T14:59:41.458+0000] {processor.py:183} INFO - Processing /opt/airflow/dags/example_dag.py took 0.040 seconds
[2025-09-03T15:00:10.706+0000] {processor.py:161} INFO - Started process (PID=298) to work on /opt/airflow/dags/example_dag.py
[2025-09-03T15:00:10.707+0000] {processor.py:830} INFO - Processing file /opt/airflow/dags/example_dag.py for tasks to queue
[2025-09-03T15:00:10.707+0000] {logging_mixin.py:188} INFO - [2025-09-03T15:00:10.707+0000] {dagbag.py:545} INFO - Filling up the DagBag from /opt/airflow/dags/example_dag.py
[2025-09-03T15:00:11.172+0000] {logging_mixin.py:188} INFO - [2025-09-03T15:00:11.171+0000] {dagbag.py:355} ERROR - Failed to import: /opt/airflow/dags/example_dag.py
Traceback (most recent call last):
  File "/home/airflow/.local/lib/python3.12/site-packages/airflow/models/dagbag.py", line 351, in parse
    loader.exec_module(new_module)
  File "<frozen importlib._bootstrap_external>", line 995, in exec_module
  File "<frozen importlib._bootstrap>", line 488, in _call_with_frames_removed
  File "/opt/airflow/dags/example_dag.py", line 6, in <module>
    from airflow.decorators import dag, task, get_current_context
ImportError: cannot import name 'get_current_context' from 'airflow.decorators' (/home/airflow/.local/lib/python3.12/site-packages/airflow/decorators/__init__.py)
[2025-09-03T15:00:11.173+0000] {processor.py:842} WARNING - No viable dags retrieved from /opt/airflow/dags/example_dag.py
[2025-09-03T15:00:11.181+0000] {processor.py:183} INFO - Processing /opt/airflow/dags/example_dag.py took 0.477 seconds
[2025-09-03T15:00:41.418+0000] {processor.py:161} INFO - Started process (PID=304) to work on /opt/airflow/dags/example_dag.py
[2025-09-03T15:00:41.419+0000] {processor.py:830} INFO - Processing file /opt/airflow/dags/example_dag.py for tasks to queue
[2025-09-03T15:00:41.420+0000] {logging_mixin.py:188} INFO - [2025-09-03T15:00:41.420+0000] {dagbag.py:545} INFO - Filling up the DagBag from /opt/airflow/dags/example_dag.py
[2025-09-03T15:00:41.531+0000] {logging_mixin.py:188} INFO - [2025-09-03T15:00:41.530+0000] {dagbag.py:355} ERROR - Failed to import: /opt/airflow/dags/example_dag.py
Traceback (most recent call last):
  File "/home/airflow/.local/lib/python3.12/site-packages/airflow/models/dagbag.py", line 351, in parse
    loader.exec_module(new_module)
  File "<frozen importlib._bootstrap_external>", line 995, in exec_module
  File "<frozen importlib._bootstrap>", line 488, in _call_with_frames_removed
  File "/opt/airflow/dags/example_dag.py", line 6, in <module>
    from airflow.decorators import dag, task, get_current_context
ImportError: cannot import name 'get_current_context' from 'airflow.decorators' (/home/airflow/.local/lib/python3.12/site-packages/airflow/decorators/__init__.py)
[2025-09-03T15:00:41.531+0000] {processor.py:842} WARNING - No viable dags retrieved from /opt/airflow/dags/example_dag.py
[2025-09-03T15:00:41.539+0000] {processor.py:183} INFO - Processing /opt/airflow/dags/example_dag.py took 0.126 seconds
