[2025-09-03T17:39:12.988+0000] {local_task_job_runner.py:120} INFO - ::group::Pre task execution logs
[2025-09-03T17:39:13.000+0000] {taskinstance.py:2076} INFO - Dependencies all met for dep_context=non-requeueable deps ti=<TaskInstance: cs_ingestion_monthly.fetch_for_interval manual__2025-09-03T17:39:12.105021+00:00 [queued]>
[2025-09-03T17:39:13.003+0000] {taskinstance.py:2076} INFO - Dependencies all met for dep_context=requeueable deps ti=<TaskInstance: cs_ingestion_monthly.fetch_for_interval manual__2025-09-03T17:39:12.105021+00:00 [queued]>
[2025-09-03T17:39:13.003+0000] {taskinstance.py:2306} INFO - Starting attempt 1 of 2
[2025-09-03T17:39:13.007+0000] {taskinstance.py:2330} INFO - Executing <Task(_PythonDecoratedOperator): fetch_for_interval> on 2025-09-03 17:39:12.105021+00:00
[2025-09-03T17:39:13.011+0000] {standard_task_runner.py:90} INFO - Running: ['***', 'tasks', 'run', 'cs_ingestion_monthly', 'fetch_for_interval', 'manual__2025-09-03T17:39:12.105021+00:00', '--job-id', '26', '--raw', '--subdir', 'DAGS_FOLDER/dag_cs.py', '--cfg-path', '/tmp/tmpxsx30r14']
[2025-09-03T17:39:13.011+0000] {logging_mixin.py:188} WARNING - /home/***/.local/lib/python3.12/site-packages/***/task/task_runner/standard_task_runner.py:61 DeprecationWarning: This process (pid=923) is multi-threaded, use of fork() may lead to deadlocks in the child.
[2025-09-03T17:39:13.012+0000] {standard_task_runner.py:91} INFO - Job 26: Subtask fetch_for_interval
[2025-09-03T17:39:13.012+0000] {standard_task_runner.py:63} INFO - Started process 924 to run task
[2025-09-03T17:39:13.031+0000] {task_command.py:426} INFO - Running <TaskInstance: cs_ingestion_monthly.fetch_for_interval manual__2025-09-03T17:39:12.105021+00:00 [running]> on host cd1378bab084
[2025-09-03T17:39:13.060+0000] {taskinstance.py:2648} INFO - Exporting env vars: AIRFLOW_CTX_DAG_OWNER='***' AIRFLOW_CTX_DAG_ID='cs_ingestion_monthly' AIRFLOW_CTX_TASK_ID='fetch_for_interval' AIRFLOW_CTX_EXECUTION_DATE='2025-09-03T17:39:12.105021+00:00' AIRFLOW_CTX_TRY_NUMBER='1' AIRFLOW_CTX_DAG_RUN_ID='manual__2025-09-03T17:39:12.105021+00:00'
[2025-09-03T17:39:13.061+0000] {taskinstance.py:430} INFO - ::endgroup::
[2025-09-03T17:39:13.061+0000] {dag_cs.py:47} INFO - Starting ingestion task
[2025-09-03T17:39:13.061+0000] {dag_cs.py:72} INFO - Processing window: 2025-08-01 00:00:00 -> 2025-09-01 00:00:00
[2025-09-03T17:39:13.062+0000] {dag_cs.py:79} WARNING - Package function import failed (No module named 'ingestion'); trying package module
[2025-09-03T17:39:13.062+0000] {dag_cs.py:86} WARNING - Package module import failed (No module named 'ingestion'); trying top-level module
[2025-09-03T17:39:13.274+0000] {dag_cs.py:91} INFO - Imported top-level ingestion_cs module
[2025-09-03T17:39:13.274+0000] {ingestion_cs.py:45} INFO - Formatting datetime 2025-08-01 00:00:00 to arXiv format.
[2025-09-03T17:39:13.275+0000] {ingestion_cs.py:45} INFO - Formatting datetime 2025-08-31 23:59:00 to arXiv format.
[2025-09-03T17:39:13.725+0000] {ingestion_cs.py:156} INFO - [2025-08] got 100 (start=0)
[2025-09-03T17:39:16.996+0000] {ingestion_cs.py:156} INFO - [2025-08] got 200 (start=200)
[2025-09-03T17:39:20.407+0000] {ingestion_cs.py:156} INFO - [2025-08] got 200 (start=400)
[2025-09-03T17:39:23.689+0000] {ingestion_cs.py:156} INFO - [2025-08] got 200 (start=600)
[2025-09-03T17:39:27.019+0000] {ingestion_cs.py:156} INFO - [2025-08] got 200 (start=800)
[2025-09-03T17:39:30.390+0000] {ingestion_cs.py:156} INFO - [2025-08] got 200 (start=1000)
[2025-09-03T17:39:33.714+0000] {ingestion_cs.py:156} INFO - [2025-08] got 200 (start=1200)
[2025-09-03T17:39:37.974+0000] {ingestion_cs.py:156} INFO - [2025-08] got 200 (start=1400)
[2025-09-03T17:39:42.168+0000] {ingestion_cs.py:156} INFO - [2025-08] got 200 (start=1600)
[2025-09-03T17:39:45.519+0000] {ingestion_cs.py:120} INFO - [2025-08] Empty page at start=1800; retry 1 after short backoff.
[2025-09-03T17:39:48.715+0000] {ingestion_cs.py:120} INFO - [2025-08] Empty page at start=1800; retry 2 after short backoff.
[2025-09-03T17:39:52.903+0000] {ingestion_cs.py:123} INFO - [2025-08] No more entries at start=1800.
[2025-09-03T17:39:52.903+0000] {ingestion_cs.py:161} INFO - Result: 1700 entries fetched for window 2025-08-01 00:00:00 to 2025-08-31 23:59:00.
[2025-09-03T17:39:52.975+0000] {dag_cs.py:133} INFO - Saved CSV with 1700 rows to /opt/***/logs/data/arxiv_cs_20250801_20250901.csv
[2025-09-03T17:39:54.392+0000] {dag_cs.py:147} INFO - Saved Parquet to GCS: gs://research-paper857/research/cs_20250801_20250901.parquet
[2025-09-03T17:39:54.394+0000] {python.py:237} INFO - Done. Returned value was: {'rows': 1700, 'csv': '/opt/***/logs/data/arxiv_cs_20250801_20250901.csv', 'gcs': 'gs://research-paper857/research/cs_20250801_20250901.parquet'}
[2025-09-03T17:39:54.395+0000] {taskinstance.py:441} INFO - ::group::Post task execution logs
[2025-09-03T17:39:54.410+0000] {taskinstance.py:1206} INFO - Marking task as SUCCESS. dag_id=cs_ingestion_monthly, task_id=fetch_for_interval, run_id=manual__2025-09-03T17:39:12.105021+00:00, execution_date=20250903T173912, start_date=20250903T173913, end_date=20250903T173954
[2025-09-03T17:39:54.420+0000] {local_task_job_runner.py:240} INFO - Task exited with return code 0
[2025-09-03T17:39:54.429+0000] {taskinstance.py:3503} INFO - 0 downstream tasks scheduled from follow-on schedule check
[2025-09-03T17:39:54.429+0000] {local_task_job_runner.py:222} INFO - ::endgroup::
