[2025-09-03T21:12:49.828+0000] {local_task_job_runner.py:120} INFO - ::group::Pre task execution logs
[2025-09-03T21:12:49.839+0000] {taskinstance.py:2076} INFO - Dependencies all met for dep_context=non-requeueable deps ti=<TaskInstance: physics_ingestion_monthly.fetch_for_interval manual__2025-09-03T21:06:31.724553+00:00 [queued]>
[2025-09-03T21:12:49.842+0000] {taskinstance.py:2076} INFO - Dependencies all met for dep_context=requeueable deps ti=<TaskInstance: physics_ingestion_monthly.fetch_for_interval manual__2025-09-03T21:06:31.724553+00:00 [queued]>
[2025-09-03T21:12:49.842+0000] {taskinstance.py:2306} INFO - Starting attempt 2 of 2
[2025-09-03T21:12:49.845+0000] {taskinstance.py:2330} INFO - Executing <Task(_PythonDecoratedOperator): fetch_for_interval> on 2025-09-03 21:06:31.724553+00:00
[2025-09-03T21:12:49.848+0000] {standard_task_runner.py:90} INFO - Running: ['***', 'tasks', 'run', 'physics_ingestion_monthly', 'fetch_for_interval', 'manual__2025-09-03T21:06:31.724553+00:00', '--job-id', '35', '--raw', '--subdir', 'DAGS_FOLDER/dags_physic.py', '--cfg-path', '/tmp/tmphs8sy9pz']
[2025-09-03T21:12:49.850+0000] {standard_task_runner.py:91} INFO - Job 35: Subtask fetch_for_interval
[2025-09-03T21:12:49.849+0000] {logging_mixin.py:188} WARNING - /home/***/.local/lib/python3.12/site-packages/***/task/task_runner/standard_task_runner.py:61 DeprecationWarning: This process (pid=4739) is multi-threaded, use of fork() may lead to deadlocks in the child.
[2025-09-03T21:12:49.850+0000] {standard_task_runner.py:63} INFO - Started process 4740 to run task
[2025-09-03T21:12:49.867+0000] {task_command.py:426} INFO - Running <TaskInstance: physics_ingestion_monthly.fetch_for_interval manual__2025-09-03T21:06:31.724553+00:00 [running]> on host cd1378bab084
[2025-09-03T21:12:49.894+0000] {taskinstance.py:2648} INFO - Exporting env vars: AIRFLOW_CTX_DAG_OWNER='***' AIRFLOW_CTX_DAG_ID='physics_ingestion_monthly' AIRFLOW_CTX_TASK_ID='fetch_for_interval' AIRFLOW_CTX_EXECUTION_DATE='2025-09-03T21:06:31.724553+00:00' AIRFLOW_CTX_TRY_NUMBER='2' AIRFLOW_CTX_DAG_RUN_ID='manual__2025-09-03T21:06:31.724553+00:00'
[2025-09-03T21:12:49.894+0000] {taskinstance.py:430} INFO - ::endgroup::
[2025-09-03T21:12:49.895+0000] {dags_physic.py:47} INFO - Starting physics ingestion task
[2025-09-03T21:12:49.895+0000] {dags_physic.py:71} INFO - Processing window: 2025-08-01 00:00:00 -> 2025-09-01 00:00:00
[2025-09-03T21:12:49.895+0000] {dags_physic.py:78} WARNING - Package function import failed (No module named 'ingestion'); trying package module
[2025-09-03T21:12:49.895+0000] {dags_physic.py:85} WARNING - Package module import failed (No module named 'ingestion'); trying top-level module
[2025-09-03T21:12:50.071+0000] {dags_physic.py:90} INFO - Imported top-level ingestion_physic module
[2025-09-03T21:12:50.071+0000] {ingestion_physic.py:53} INFO - Formatting datetime 2025-08-01 00:00:00 to arXiv format.
[2025-09-03T21:12:50.071+0000] {ingestion_physic.py:53} INFO - Formatting datetime 2025-08-31 23:59:00 to arXiv format.
[2025-09-03T21:12:50.492+0000] {ingestion_physic.py:165} INFO - [2025-08] got 200 (start=0)
[2025-09-03T21:12:53.775+0000] {ingestion_physic.py:165} INFO - [2025-08] got 200 (start=200)
[2025-09-03T21:12:57.067+0000] {ingestion_physic.py:165} INFO - [2025-08] got 200 (start=400)
[2025-09-03T21:13:00.338+0000] {ingestion_physic.py:165} INFO - [2025-08] got 200 (start=600)
[2025-09-03T21:13:03.612+0000] {ingestion_physic.py:165} INFO - [2025-08] got 200 (start=800)
[2025-09-03T21:13:06.868+0000] {ingestion_physic.py:165} INFO - [2025-08] got 200 (start=1000)
[2025-09-03T21:13:10.089+0000] {ingestion_physic.py:165} INFO - [2025-08] got 200 (start=1200)
[2025-09-03T21:13:13.329+0000] {ingestion_physic.py:165} INFO - [2025-08] got 200 (start=1400)
[2025-09-03T21:13:16.598+0000] {ingestion_physic.py:165} INFO - [2025-08] got 200 (start=1600)
[2025-09-03T21:13:19.843+0000] {ingestion_physic.py:165} INFO - [2025-08] got 200 (start=1800)
[2025-09-03T21:13:23.065+0000] {ingestion_physic.py:165} INFO - [2025-08] got 200 (start=2000)
[2025-09-03T21:13:26.316+0000] {ingestion_physic.py:165} INFO - [2025-08] got 200 (start=2200)
[2025-09-03T21:13:29.570+0000] {ingestion_physic.py:165} INFO - [2025-08] got 200 (start=2400)
[2025-09-03T21:13:32.817+0000] {ingestion_physic.py:165} INFO - [2025-08] got 200 (start=2600)
[2025-09-03T21:13:36.087+0000] {ingestion_physic.py:165} INFO - [2025-08] got 200 (start=2800)
[2025-09-03T21:13:39.205+0000] {ingestion_physic.py:128} INFO - [2025-08] Empty page at start=3000; retry 1 after short backoff.
[2025-09-03T21:13:42.308+0000] {ingestion_physic.py:128} INFO - [2025-08] Empty page at start=3000; retry 2 after short backoff.
[2025-09-03T21:13:46.413+0000] {ingestion_physic.py:131} INFO - [2025-08] No more entries at start=3000.
[2025-09-03T21:13:46.414+0000] {ingestion_physic.py:170} INFO - Result: 3000 entries fetched for window 2025-08-01 00:00:00 to 2025-08-31 23:59:00.
[2025-09-03T21:13:46.521+0000] {dags_physic.py:127} INFO - Saved CSV with 3000 rows to /opt/***/logs/data/arxiv_physics_20250801_20250901.csv
[2025-09-03T21:13:47.549+0000] {dags_physic.py:141} INFO - Saved Parquet to GCS (dated): gs://research-paper857/research/physics_20250801_20250901.parquet
[2025-09-03T21:13:48.241+0000] {dags_physic.py:149} INFO - Saved Parquet to GCS (stable): gs://research-paper857/research/physics_latest.parquet
[2025-09-03T21:13:48.246+0000] {python.py:237} INFO - Done. Returned value was: {'rows': 3000, 'csv': '/opt/***/logs/data/arxiv_physics_20250801_20250901.csv', 'gcs_dated': 'gs://research-paper857/research/physics_20250801_20250901.parquet', 'gcs_stable': 'gs://research-paper857/research/physics_latest.parquet'}
[2025-09-03T21:13:48.247+0000] {taskinstance.py:441} INFO - ::group::Post task execution logs
[2025-09-03T21:13:48.267+0000] {taskinstance.py:1206} INFO - Marking task as SUCCESS. dag_id=physics_ingestion_monthly, task_id=fetch_for_interval, run_id=manual__2025-09-03T21:06:31.724553+00:00, execution_date=20250903T210631, start_date=20250903T211249, end_date=20250903T211348
[2025-09-03T21:13:48.315+0000] {local_task_job_runner.py:240} INFO - Task exited with return code 0
[2025-09-03T21:13:48.326+0000] {taskinstance.py:3503} INFO - 0 downstream tasks scheduled from follow-on schedule check
[2025-09-03T21:13:48.326+0000] {local_task_job_runner.py:222} INFO - ::endgroup::
